#
# A fatal error has been detected by the Java Runtime Environment:
#
#  EXCEPTION_ACCESS_VIOLATION (0xc0000005) at pc=0x00007ff925338a73, pid=37000, tid=28156
#
# JRE version: Java(TM) SE Runtime Environment (17.0.4.1+1) (build 17.0.4.1+1-LTS-2)
# Java VM: Java HotSpot(TM) 64-Bit Server VM (17.0.4.1+1-LTS-2, mixed mode, sharing, tiered, compressed oops, compressed class ptrs, g1 gc, windows-amd64)
# Problematic frame:
# V  [jvm.dll+0x78a73]
#
# No core dump will be written. Minidumps are not enabled by default on client versions of Windows
#
# If you would like to submit a bug report, please visit:
#   https://bugreport.java.com/bugreport/crash.jsp
#

---------------  S U M M A R Y ------------

Command Line: -javaagent:F:\Program Files\IntelliJ IDEA Community Edition 2022.3.2\lib\idea_rt.jar=11043:F:\Program Files\IntelliJ IDEA Community Edition 2022.3.2\bin -Dfile.encoding=UTF-8 Main

Host: 11th Gen Intel(R) Core(TM) i7-1195G7 @ 2.90GHz, 8 cores, 15G,  Windows 11 , 64 bit Build 22621 (10.0.22621.1635)
Time: Mon May 22 22:53:28 2023  Windows 11 , 64 bit Build 22621 (10.0.22621.1635) elapsed time: 13.455978 seconds (0d 0h 0m 13s)

---------------  T H R E A D  ---------------

Current thread (0x000001a1b371b1e0):  JavaThread "C2 CompilerThread0" daemon [_thread_in_native, id=28156, stack(0x0000006408a00000,0x0000006408b00000)]


Current CompileTask:
C2:  13456 2138   !   4       sun.awt.PostEventQueue::flush (168 bytes)

Stack: [0x0000006408a00000,0x0000006408b00000],  sp=0x0000006408afb3a0,  free space=1004k
Native frames: (J=compiled Java code, j=interpreted, Vv=VM code, C=native code)
V  [jvm.dll+0x78a73]
V  [jvm.dll+0x6c08f2]
V  [jvm.dll+0x6befe5]
V  [jvm.dll+0x1b9e1b]
V  [jvm.dll+0x2162f9]
V  [jvm.dll+0x2155c1]
V  [jvm.dll+0x1a1fcd]
V  [jvm.dll+0x224e08]
V  [jvm.dll+0x222f75]
V  [jvm.dll+0x787a0b]
V  [jvm.dll+0x781fca]
V  [jvm.dll+0x671245]
C  [ucrtbase.dll+0x29363]
C  [KERNEL32.DLL+0x126ad]
C  [ntdll.dll+0x5a9f8]


siginfo: EXCEPTION_ACCESS_VIOLATION (0xc0000005), reading address 0x0000000000000002


Register to memory mapping:

RIP=0x00007ff925338a73 jvm.dll
RAX=0x0000000000000023 is an unknown value
RBX=0x000001a1b9e28d48 points into unknown readable memory: 0x00007ff925b8df40 | 40 df b8 25 f9 7f 00 00
RCX=0x000001a1ba05cbf0 points into unknown readable memory: 0x00007ff925b14168 | 68 41 b1 25 f9 7f 00 00
RDX=0x000001a1b5ea6c58 points into unknown readable memory: 0x000001a1b9bb4408 | 08 44 bb b9 a1 01 00 00
RSP=0x0000006408afb3a0 is pointing into the stack for thread: 0x000001a1b371b1e0
RBP=0x0000000000000002 is an unknown value
RSI=0x000001a1b4150c48 points into unknown readable memory: 0x00007ff925b14168 | 68 41 b1 25 f9 7f 00 00
RDI=0x000001a1b4150c48 points into unknown readable memory: 0x00007ff925b14168 | 68 41 b1 25 f9 7f 00 00
R8 =0x000001a1b5ea6bf8 points into unknown readable memory: 0x000001a1b5e981a0 | a0 81 e9 b5 a1 01 00 00
R9 =0x000001a1b4150cc0 points into unknown readable memory: 0x000001a1ba05cbf0 | f0 cb 05 ba a1 01 00 00
R10=0x000001a1b9e28838 points into unknown readable memory: 0x000001a1ba055898 | 98 58 05 ba a1 01 00 00
R11=0x00007ff925d412b0 jvm.dll
R12=0x000001a1b9e28d48 points into unknown readable memory: 0x00007ff925b8df40 | 40 df b8 25 f9 7f 00 00
R13=0x000001a1b9e28cd8 points into unknown readable memory: 0x00007ff925b74cf0 | f0 4c b7 25 f9 7f 00 00
R14=0x0000000000000013 is an unknown value
R15=0x000001a1b75a5388 points into unknown readable memory: 0x00007ff925b79990 | 90 99 b7 25 f9 7f 00 00


Registers:
RAX=0x0000000000000023, RBX=0x000001a1b9e28d48, RCX=0x000001a1ba05cbf0, RDX=0x000001a1b5ea6c58
RSP=0x0000006408afb3a0, RBP=0x0000000000000002, RSI=0x000001a1b4150c48, RDI=0x000001a1b4150c48
R8 =0x000001a1b5ea6bf8, R9 =0x000001a1b4150cc0, R10=0x000001a1b9e28838, R11=0x00007ff925d412b0
R12=0x000001a1b9e28d48, R13=0x000001a1b9e28cd8, R14=0x0000000000000013, R15=0x000001a1b75a5388
RIP=0x00007ff925338a73, EFLAGS=0x0000000000010206

Top of Stack: (sp=0x0000006408afb3a0)
0x0000006408afb3a0:   0000006408afbcb0 000001a1b4150c48
0x0000006408afb3b0:   000001a1b75a5388 0000000000000013
0x0000006408afb3c0:   0000006408afb6f0 00007ff9259808f2
0x0000006408afb3d0:   0000000000000000 0000000000000002
0x0000006408afb3e0:   000001a1b4150c48 0000006408afb6f0
0x0000006408afb3f0:   000001a100000c83 00007ff92598001b
0x0000006408afb400:   0000006408afbcb0 0000000000000002
0x0000006408afb410:   0000000000000013 00007ff925d412b0
0x0000006408afb420:   000001a1b4150c48 0000006408afb540
0x0000006408afb430:   0000000000000001 00007ff92597efe5
0x0000006408afb440:   0000006408afbcb0 0000000000000007
0x0000006408afb450:   000001a1b9e28cd8 0000006408afb540
0x0000006408afb460:   000001a1b4150c48 0000006400000002
0x0000006408afb470:   000001a100000c83 000001a1ba930801
0x0000006408afb480:   000001a1b40c9701 0000006408afb6f0
0x0000006408afb490:   0000000000000017 00007ff97a974aa9 

Instructions: (pc=0x00007ff925338a73)
0x00007ff925338973:   00 00 c3 cc cc cc cc cc cc cc cc cc cc b8 a8 03
0x00007ff925338983:   00 00 c3 cc cc cc cc cc cc cc cc cc cc b8 aa 03
0x00007ff925338993:   00 00 c3 cc cc cc cc cc cc cc cc cc cc b8 5c 02
0x00007ff9253389a3:   00 00 c3 cc cc cc cc cc cc cc cc cc cc b8 55 02
0x00007ff9253389b3:   00 00 c3 cc cc cc cc cc cc cc cc cc cc b8 58 02
0x00007ff9253389c3:   00 00 c3 cc cc cc cc cc cc cc cc cc cc b8 8b 01
0x00007ff9253389d3:   00 00 c3 cc cc cc cc cc cc cc cc cc cc b8 c5 02
0x00007ff9253389e3:   00 00 c3 cc cc cc cc cc cc cc cc cc cc b8 b5 02
0x00007ff9253389f3:   00 00 c3 cc cc cc cc cc cc cc cc cc cc b8 c6 02
0x00007ff925338a03:   00 00 c3 cc cc cc cc cc cc cc cc cc cc b8 c8 02
0x00007ff925338a13:   00 00 c3 cc cc cc cc cc cc cc cc cc cc b8 c7 02
0x00007ff925338a23:   00 00 c3 cc cc cc cc cc cc cc cc cc cc b8 a9 02
0x00007ff925338a33:   00 00 c3 cc cc cc cc cc cc cc cc cc cc 48 89 5c
0x00007ff925338a43:   24 08 57 48 83 ec 20 48 8b 41 08 48 8b f9 8b d2
0x00007ff925338a53:   49 8b d8 48 8b 0c d0 4c 8d 0c d0 48 85 c9 74 26
0x00007ff925338a63:   4c 8b 41 10 4d 85 c0 74 1d 8b 41 20 49 8d 14 c0
0x00007ff925338a73:   48 39 7a f8 48 8d 52 f8 75 f6 ff c8 89 41 20 49
0x00007ff925338a83:   8b 0c c0 48 89 0a 49 89 19 48 85 db 74 29 48 8b
0x00007ff925338a93:   4b 10 48 85 c9 74 20 8b 43 20 3b 43 24 75 11 8b
0x00007ff925338aa3:   d0 48 8b cb e8 64 91 5d 00 8b 43 20 48 8b 4b 10
0x00007ff925338ab3:   48 89 3c c1 ff 43 20 8b 0d 38 20 ab 00 65 48 8b
0x00007ff925338ac3:   04 25 58 00 00 00 ba 50 00 00 00 48 8b 04 c8 80
0x00007ff925338ad3:   3c 02 00 75 05 e8 ef 4f 7b 00 48 8b 5c 24 30 48
0x00007ff925338ae3:   83 c4 20 5f c3 cc cc cc cc cc cc cc cc b8 a8 00
0x00007ff925338af3:   00 00 c3 cc cc cc cc cc cc cc cc cc cc 40 53 48
0x00007ff925338b03:   83 ec 20 48 8b d9 e8 92 02 00 00 48 8d 05 f3 b1
0x00007ff925338b13:   80 00 c6 83 98 00 00 00 00 48 89 03 48 8d 83 a8
0x00007ff925338b23:   00 00 00 48 89 43 40 48 8b c3 c7 43 2c be 00 00
0x00007ff925338b33:   00 c7 43 3c 02 00 00 00 48 83 c4 20 5b c3 cc cc
0x00007ff925338b43:   cc cc cc cc cc cc cc cc cc cc cc cc cc 40 53 48
0x00007ff925338b53:   83 ec 20 48 8b d9 e8 42 02 00 00 48 8d 05 9b b4
0x00007ff925338b63:   80 00 c7 43 2c de 00 00 00 48 89 03 48 8d 83 a0 


Stack slot to memory mapping:
stack at sp + 0 slots: 0x0000006408afbcb0 is pointing into the stack for thread: 0x000001a1b371b1e0
stack at sp + 1 slots: 0x000001a1b4150c48 points into unknown readable memory: 0x00007ff925b14168 | 68 41 b1 25 f9 7f 00 00
stack at sp + 2 slots: 0x000001a1b75a5388 points into unknown readable memory: 0x00007ff925b79990 | 90 99 b7 25 f9 7f 00 00
stack at sp + 3 slots: 0x0000000000000013 is an unknown value
stack at sp + 4 slots: 0x0000006408afb6f0 is pointing into the stack for thread: 0x000001a1b371b1e0
stack at sp + 5 slots: 0x00007ff9259808f2 jvm.dll
stack at sp + 6 slots: 0x0 is NULL
stack at sp + 7 slots: 0x0000000000000002 is an unknown value


---------------  P R O C E S S  ---------------

Threads class SMR info:
_java_thread_list=0x000001a1b9ba0670, length=20, elements={
0x000001a1b36fbf80, 0x000001a1b36fca40, 0x000001a1b3713dc0, 0x000001a1b3715790,
0x000001a1b3718c70, 0x000001a1b3719530, 0x000001a1b371b1e0, 0x000001a1b371bb90,
0x000001a1b371c490, 0x000001a1b4050e90, 0x000001a1b4243c00, 0x000001a1b41d6ef0,
0x000001a1b43975d0, 0x000001a1b4397f20, 0x000001a1b439ac80, 0x000001a1b438d840,
0x000001a1914c0ff0, 0x000001a1b5913a40, 0x000001a1b5848390, 0x000001a1b5845840
}

Java Threads: ( => current thread )
  0x000001a1b36fbf80 JavaThread "Reference Handler" daemon [_thread_blocked, id=18384, stack(0x0000006408400000,0x0000006408500000)]
  0x000001a1b36fca40 JavaThread "Finalizer" daemon [_thread_blocked, id=43020, stack(0x0000006408500000,0x0000006408600000)]
  0x000001a1b3713dc0 JavaThread "Signal Dispatcher" daemon [_thread_blocked, id=29480, stack(0x0000006408600000,0x0000006408700000)]
  0x000001a1b3715790 JavaThread "Attach Listener" daemon [_thread_blocked, id=45716, stack(0x0000006408700000,0x0000006408800000)]
  0x000001a1b3718c70 JavaThread "Service Thread" daemon [_thread_blocked, id=43500, stack(0x0000006408800000,0x0000006408900000)]
  0x000001a1b3719530 JavaThread "Monitor Deflation Thread" daemon [_thread_blocked, id=20280, stack(0x0000006408900000,0x0000006408a00000)]
=>0x000001a1b371b1e0 JavaThread "C2 CompilerThread0" daemon [_thread_in_native, id=28156, stack(0x0000006408a00000,0x0000006408b00000)]
  0x000001a1b371bb90 JavaThread "C1 CompilerThread0" daemon [_thread_blocked, id=45600, stack(0x0000006408b00000,0x0000006408c00000)]
  0x000001a1b371c490 JavaThread "Sweeper thread" daemon [_thread_blocked, id=31628, stack(0x0000006408c00000,0x0000006408d00000)]
  0x000001a1b4050e90 JavaThread "Common-Cleaner" daemon [_thread_blocked, id=32388, stack(0x0000006408d00000,0x0000006408e00000)]
  0x000001a1b4243c00 JavaThread "Monitor Ctrl-Break" daemon [_thread_in_native, id=14844, stack(0x0000006408e00000,0x0000006408f00000)]
  0x000001a1b41d6ef0 JavaThread "Notification Thread" daemon [_thread_blocked, id=17176, stack(0x0000006408f00000,0x0000006409000000)]
  0x000001a1b43975d0 JavaThread "Java2D Disposer" daemon [_thread_blocked, id=41828, stack(0x0000006409100000,0x0000006409200000)]
  0x000001a1b4397f20 JavaThread "AWT-Shutdown" [_thread_blocked, id=41608, stack(0x0000006409200000,0x0000006409300000)]
  0x000001a1b439ac80 JavaThread "AWT-Windows" daemon [_thread_in_native, id=25928, stack(0x0000006409300000,0x0000006409400000)]
  0x000001a1b438d840 JavaThread "AWT-EventQueue-0" [_thread_blocked, id=29080, stack(0x0000006409400000,0x0000006409500000)]
  0x000001a1914c0ff0 JavaThread "DestroyJavaVM" [_thread_blocked, id=4948, stack(0x0000006407d00000,0x0000006407e00000)]
  0x000001a1b5913a40 JavaThread "Image Animator 3" daemon [_thread_blocked, id=17760, stack(0x0000006409800000,0x0000006409900000)]
  0x000001a1b5848390 JavaThread "Java Sound Event Dispatcher" daemon [_thread_blocked, id=42044, stack(0x0000006409900000,0x0000006409a00000)]
  0x000001a1b5845840 JavaThread "Direct Clip" daemon [_thread_in_vm, id=38676, stack(0x0000006409d00000,0x0000006409e00000)]

Other Threads:
  0x000001a1b36fa5f0 VMThread "VM Thread" [stack: 0x0000006408300000,0x0000006408400000] [id=38884]
  0x000001a1b3555d10 WatcherThread [stack: 0x0000006409000000,0x0000006409100000] [id=17376]
  0x000001a191529fd0 GCTaskThread "GC Thread#0" [stack: 0x0000006407e00000,0x0000006407f00000] [id=9552]
  0x000001a1b5e90fb0 GCTaskThread "GC Thread#1" [stack: 0x0000006409e00000,0x0000006409f00000] [id=38740]
  0x000001a1b59ebbe0 GCTaskThread "GC Thread#2" [stack: 0x0000006409f00000,0x000000640a000000] [id=41668]
  0x000001a1b9d61450 GCTaskThread "GC Thread#3" [stack: 0x000000640a000000,0x000000640a100000] [id=10264]
  0x000001a1b9d61700 GCTaskThread "GC Thread#4" [stack: 0x000000640a100000,0x000000640a200000] [id=16920]
  0x000001a1b59a8de0 GCTaskThread "GC Thread#5" [stack: 0x000000640a200000,0x000000640a300000] [id=44932]
  0x000001a1b9daf6e0 GCTaskThread "GC Thread#6" [stack: 0x000000640a300000,0x000000640a400000] [id=14376]
  0x000001a1b9c6c8c0 GCTaskThread "GC Thread#7" [stack: 0x000000640a800000,0x000000640a900000] [id=21256]
  0x000001a19153ab30 ConcurrentGCThread "G1 Main Marker" [stack: 0x0000006407f00000,0x0000006408000000] [id=23288]
  0x000001a19153caa0 ConcurrentGCThread "G1 Conc#0" [stack: 0x0000006408000000,0x0000006408100000] [id=9648]
  0x000001a1b5a0f020 ConcurrentGCThread "G1 Conc#1" [stack: 0x000000640a900000,0x000000640aa00000] [id=24276]
  0x000001a1b3627f30 ConcurrentGCThread "G1 Refine#0" [stack: 0x0000006408100000,0x0000006408200000] [id=39052]
  0x000001a1b3628700 ConcurrentGCThread "G1 Service" [stack: 0x0000006408200000,0x0000006408300000] [id=34332]

Threads with active compile tasks:
C2 CompilerThread0    13497 2138   !   4       sun.awt.PostEventQueue::flush (168 bytes)

VM state: not at safepoint (normal execution)

VM Mutex/Monitor currently owned by a thread: None

Heap address: 0x0000000704e00000, size: 4018 MB, Compressed Oops mode: Zero based, Oop shift amount: 3

CDS archive(s) mapped at: [0x0000000800000000-0x0000000800bc0000-0x0000000800bc0000), size 12320768, SharedBaseAddress: 0x0000000800000000, ArchiveRelocationMode: 0.
Compressed class space mapped at: 0x0000000800c00000-0x0000000840c00000, reserved size: 1073741824
Narrow klass base: 0x0000000800000000, Narrow klass shift: 0, Narrow klass range: 0x100000000

GC Precious Log:
 CPUs: 8 total, 8 available
 Memory: 16071M
 Large Page Support: Disabled
 NUMA Support: Disabled
 Compressed Oops: Enabled (Zero based)
 Heap Region Size: 2M
 Heap Min Capacity: 8M
 Heap Initial Capacity: 252M
 Heap Max Capacity: 4018M
 Pre-touch: Disabled
 Parallel Workers: 8
 Concurrent Workers: 2
 Concurrent Refinement Workers: 8
 Periodic GC: Disabled

Heap:
 garbage-first heap   total 485376K, used 221867K [0x0000000704e00000, 0x0000000800000000)
  region size 2048K, 47 young (96256K), 3 survivors (6144K)
 Metaspace       used 9423K, committed 9664K, reserved 1064960K
  class space    used 1001K, committed 1152K, reserved 1048576K

Heap Regions: E=young(eden), S=young(survivor), O=old, HS=humongous(starts), HC=humongous(continues), CS=collection set, F=free, OA=open archive, CA=closed archive, TAMS=top-at-mark-start (previous, next)
|   0|0x0000000704e00000, 0x0000000705000000, 0x0000000705000000|100%|HS|  |TAMS 0x0000000705000000, 0x0000000705000000| Complete 
|   1|0x0000000705000000, 0x0000000705200000, 0x0000000705200000|100%|HC|  |TAMS 0x0000000705200000, 0x0000000705200000| Complete 
|   2|0x0000000705200000, 0x0000000705400000, 0x0000000705400000|100%|HC|  |TAMS 0x0000000705400000, 0x0000000705400000| Complete 
|   3|0x0000000705400000, 0x0000000705600000, 0x0000000705600000|100%|HC|  |TAMS 0x0000000705600000, 0x0000000705600000| Complete 
|   4|0x0000000705600000, 0x0000000705800000, 0x0000000705800000|100%|HC|  |TAMS 0x0000000705800000, 0x0000000705800000| Complete 
|   5|0x0000000705800000, 0x0000000705a00000, 0x0000000705a00000|100%|HC|  |TAMS 0x0000000705a00000, 0x0000000705a00000| Complete 
|   6|0x0000000705a00000, 0x0000000705c00000, 0x0000000705c00000|100%|HC|  |TAMS 0x0000000705c00000, 0x0000000705c00000| Complete 
|   7|0x0000000705c00000, 0x0000000705e00000, 0x0000000705e00000|100%|HC|  |TAMS 0x0000000705e00000, 0x0000000705e00000| Complete 
|   8|0x0000000705e00000, 0x0000000706000000, 0x0000000706000000|100%|HC|  |TAMS 0x0000000706000000, 0x0000000706000000| Complete 
|   9|0x0000000706000000, 0x0000000706200000, 0x0000000706200000|100%|HC|  |TAMS 0x0000000706200000, 0x0000000706200000| Complete 
|  10|0x0000000706200000, 0x0000000706400000, 0x0000000706400000|100%|HC|  |TAMS 0x0000000706400000, 0x0000000706400000| Complete 
|  11|0x0000000706400000, 0x0000000706600000, 0x0000000706600000|100%|HC|  |TAMS 0x0000000706600000, 0x0000000706600000| Complete 
|  12|0x0000000706600000, 0x0000000706800000, 0x0000000706800000|100%|HC|  |TAMS 0x0000000706800000, 0x0000000706800000| Complete 
|  13|0x0000000706800000, 0x0000000706a00000, 0x0000000706a00000|100%|HC|  |TAMS 0x0000000706a00000, 0x0000000706a00000| Complete 
|  14|0x0000000706a00000, 0x0000000706c00000, 0x0000000706c00000|100%|HC|  |TAMS 0x0000000706c00000, 0x0000000706c00000| Complete 
|  15|0x0000000706c00000, 0x0000000706e00000, 0x0000000706e00000|100%|HC|  |TAMS 0x0000000706e00000, 0x0000000706e00000| Complete 
|  16|0x0000000706e00000, 0x0000000707000000, 0x0000000707000000|100%|HC|  |TAMS 0x0000000707000000, 0x0000000707000000| Complete 
|  17|0x0000000707000000, 0x0000000707200000, 0x0000000707200000|100%|HC|  |TAMS 0x0000000707200000, 0x0000000707200000| Complete 
|  18|0x0000000707200000, 0x0000000707400000, 0x0000000707400000|100%|HC|  |TAMS 0x0000000707400000, 0x0000000707400000| Complete 
|  19|0x0000000707400000, 0x0000000707600000, 0x0000000707600000|100%|HC|  |TAMS 0x0000000707600000, 0x0000000707600000| Complete 
|  20|0x0000000707600000, 0x0000000707800000, 0x0000000707800000|100%|HC|  |TAMS 0x0000000707800000, 0x0000000707800000| Complete 
|  21|0x0000000707800000, 0x0000000707a00000, 0x0000000707a00000|100%|HC|  |TAMS 0x0000000707a00000, 0x0000000707a00000| Complete 
|  22|0x0000000707a00000, 0x0000000707c00000, 0x0000000707c00000|100%|HC|  |TAMS 0x0000000707c00000, 0x0000000707c00000| Complete 
|  23|0x0000000707c00000, 0x0000000707e00000, 0x0000000707e00000|100%|HC|  |TAMS 0x0000000707e00000, 0x0000000707e00000| Complete 
|  24|0x0000000707e00000, 0x0000000708000000, 0x0000000708000000|100%|HS|  |TAMS 0x0000000707e00000, 0x0000000707e00000| Complete 
|  25|0x0000000708000000, 0x0000000708200000, 0x0000000708200000|100%|HS|  |TAMS 0x0000000708200000, 0x0000000708200000| Complete 
|  26|0x0000000708200000, 0x0000000708400000, 0x0000000708400000|100%|HS|  |TAMS 0x0000000708200000, 0x0000000708200000| Complete 
|  27|0x0000000708400000, 0x0000000708600000, 0x0000000708600000|100%|HS|  |TAMS 0x0000000708400000, 0x0000000708400000| Complete 
|  28|0x0000000708600000, 0x0000000708800000, 0x0000000708800000|100%|HS|  |TAMS 0x0000000708800000, 0x0000000708800000| Complete 
|  29|0x0000000708800000, 0x0000000708a00000, 0x0000000708a00000|100%|HS|  |TAMS 0x0000000708a00000, 0x0000000708a00000| Complete 
|  30|0x0000000708a00000, 0x0000000708c00000, 0x0000000708c00000|100%|HC|  |TAMS 0x0000000708c00000, 0x0000000708c00000| Complete 
|  31|0x0000000708c00000, 0x0000000708e00000, 0x0000000708e00000|100%|HC|  |TAMS 0x0000000708e00000, 0x0000000708e00000| Complete 
|  32|0x0000000708e00000, 0x0000000709000000, 0x0000000709000000|100%|HC|  |TAMS 0x0000000709000000, 0x0000000709000000| Complete 
|  33|0x0000000709000000, 0x0000000709200000, 0x0000000709200000|100%|HS|  |TAMS 0x0000000709200000, 0x0000000709200000| Complete 
|  34|0x0000000709200000, 0x0000000709400000, 0x0000000709400000|100%|HS|  |TAMS 0x0000000709400000, 0x0000000709400000| Complete 
|  35|0x0000000709400000, 0x0000000709600000, 0x0000000709600000|100%|HS|  |TAMS 0x0000000709600000, 0x0000000709600000| Complete 
|  36|0x0000000709600000, 0x0000000709800000, 0x0000000709800000|100%| O|  |TAMS 0x0000000709800000, 0x0000000709800000| Untracked 
|  37|0x0000000709800000, 0x0000000709923400, 0x0000000709a00000| 56%| O|  |TAMS 0x0000000709923400, 0x0000000709923400| Untracked 
|  38|0x0000000709a00000, 0x0000000709c00000, 0x0000000709c00000|100%|HS|  |TAMS 0x0000000709c00000, 0x0000000709c00000| Complete 
|  39|0x0000000709c00000, 0x0000000709e00000, 0x0000000709e00000|100%|HS|  |TAMS 0x0000000709e00000, 0x0000000709e00000| Complete 
|  40|0x0000000709e00000, 0x000000070a000000, 0x000000070a000000|100%|HS|  |TAMS 0x000000070a000000, 0x000000070a000000| Complete 
|  41|0x000000070a000000, 0x000000070a200000, 0x000000070a200000|100%|HS|  |TAMS 0x000000070a200000, 0x000000070a200000| Complete 
|  42|0x000000070a200000, 0x000000070a400000, 0x000000070a400000|100%|HS|  |TAMS 0x000000070a400000, 0x000000070a400000| Complete 
|  43|0x000000070a400000, 0x000000070a600000, 0x000000070a600000|100%|HS|  |TAMS 0x000000070a600000, 0x000000070a600000| Complete 
|  44|0x000000070a600000, 0x000000070a800000, 0x000000070a800000|100%|HS|  |TAMS 0x000000070a800000, 0x000000070a800000| Complete 
|  45|0x000000070a800000, 0x000000070aa00000, 0x000000070aa00000|100%|HS|  |TAMS 0x000000070aa00000, 0x000000070aa00000| Complete 
|  46|0x000000070aa00000, 0x000000070ac00000, 0x000000070ac00000|100%|HS|  |TAMS 0x000000070ac00000, 0x000000070ac00000| Complete 
|  47|0x000000070ac00000, 0x000000070ae00000, 0x000000070ae00000|100%|HS|  |TAMS 0x000000070ae00000, 0x000000070ae00000| Complete 
|  48|0x000000070ae00000, 0x000000070b000000, 0x000000070b000000|100%|HS|  |TAMS 0x000000070b000000, 0x000000070b000000| Complete 
|  49|0x000000070b000000, 0x000000070b200000, 0x000000070b200000|100%|HS|  |TAMS 0x000000070b200000, 0x000000070b200000| Complete 
|  50|0x000000070b200000, 0x000000070b400000, 0x000000070b400000|100%|HS|  |TAMS 0x000000070b400000, 0x000000070b400000| Complete 
|  51|0x000000070b400000, 0x000000070b600000, 0x000000070b600000|100%|HS|  |TAMS 0x000000070b600000, 0x000000070b600000| Complete 
|  52|0x000000070b600000, 0x000000070b800000, 0x000000070b800000|100%|HS|  |TAMS 0x000000070b800000, 0x000000070b800000| Complete 
|  53|0x000000070b800000, 0x000000070ba00000, 0x000000070ba00000|100%|HS|  |TAMS 0x000000070ba00000, 0x000000070ba00000| Complete 
|  54|0x000000070ba00000, 0x000000070bc00000, 0x000000070bc00000|100%|HS|  |TAMS 0x000000070bc00000, 0x000000070bc00000| Complete 
|  55|0x000000070bc00000, 0x000000070be00000, 0x000000070be00000|100%|HS|  |TAMS 0x000000070be00000, 0x000000070be00000| Complete 
|  56|0x000000070be00000, 0x000000070c000000, 0x000000070c000000|100%|HS|  |TAMS 0x000000070c000000, 0x000000070c000000| Complete 
|  57|0x000000070c000000, 0x000000070c200000, 0x000000070c200000|100%|HC|  |TAMS 0x000000070c200000, 0x000000070c200000| Complete 
|  58|0x000000070c200000, 0x000000070c400000, 0x000000070c400000|100%|HC|  |TAMS 0x000000070c400000, 0x000000070c400000| Complete 
|  59|0x000000070c400000, 0x000000070c600000, 0x000000070c600000|100%|HS|  |TAMS 0x000000070c600000, 0x000000070c600000| Complete 
|  60|0x000000070c600000, 0x000000070c800000, 0x000000070c800000|100%|HS|  |TAMS 0x000000070c600000, 0x000000070c800000| Complete 
|  61|0x000000070c800000, 0x000000070ca00000, 0x000000070ca00000|100%|HC|  |TAMS 0x000000070c800000, 0x000000070ca00000| Complete 
|  62|0x000000070ca00000, 0x000000070cc00000, 0x000000070cc00000|100%|HC|  |TAMS 0x000000070ca00000, 0x000000070cc00000| Complete 
|  63|0x000000070cc00000, 0x000000070cc00000, 0x000000070ce00000|  0%| F|  |TAMS 0x000000070cc00000, 0x000000070cc00000| Untracked 
|  64|0x000000070ce00000, 0x000000070ce00000, 0x000000070d000000|  0%| F|  |TAMS 0x000000070ce00000, 0x000000070ce00000| Untracked 
|  65|0x000000070d000000, 0x000000070d000000, 0x000000070d200000|  0%| F|  |TAMS 0x000000070d000000, 0x000000070d000000| Untracked 
|  66|0x000000070d200000, 0x000000070d200000, 0x000000070d400000|  0%| F|  |TAMS 0x000000070d200000, 0x000000070d200000| Untracked 
|  67|0x000000070d400000, 0x000000070d400000, 0x000000070d600000|  0%| F|  |TAMS 0x000000070d400000, 0x000000070d400000| Untracked 
|  68|0x000000070d600000, 0x000000070d600000, 0x000000070d800000|  0%| F|  |TAMS 0x000000070d600000, 0x000000070d600000| Untracked 
|  69|0x000000070d800000, 0x000000070d800000, 0x000000070da00000|  0%| F|  |TAMS 0x000000070d800000, 0x000000070d800000| Untracked 
|  70|0x000000070da00000, 0x000000070da00000, 0x000000070dc00000|  0%| F|  |TAMS 0x000000070da00000, 0x000000070da00000| Untracked 
|  71|0x000000070dc00000, 0x000000070dc00000, 0x000000070de00000|  0%| F|  |TAMS 0x000000070dc00000, 0x000000070dc00000| Untracked 
|  72|0x000000070de00000, 0x000000070de00000, 0x000000070e000000|  0%| F|  |TAMS 0x000000070de00000, 0x000000070de00000| Untracked 
|  73|0x000000070e000000, 0x000000070e000000, 0x000000070e200000|  0%| F|  |TAMS 0x000000070e000000, 0x000000070e000000| Untracked 
|  74|0x000000070e200000, 0x000000070e200000, 0x000000070e400000|  0%| F|  |TAMS 0x000000070e200000, 0x000000070e200000| Untracked 
|  75|0x000000070e400000, 0x000000070e400000, 0x000000070e600000|  0%| F|  |TAMS 0x000000070e400000, 0x000000070e400000| Untracked 
|  76|0x000000070e600000, 0x000000070e600000, 0x000000070e800000|  0%| F|  |TAMS 0x000000070e600000, 0x000000070e600000| Untracked 
|  77|0x000000070e800000, 0x000000070e800000, 0x000000070ea00000|  0%| F|  |TAMS 0x000000070e800000, 0x000000070e800000| Untracked 
|  78|0x000000070ea00000, 0x000000070ea00000, 0x000000070ec00000|  0%| F|  |TAMS 0x000000070ea00000, 0x000000070ea00000| Untracked 
|  79|0x000000070ec00000, 0x000000070ec00000, 0x000000070ee00000|  0%| F|  |TAMS 0x000000070ec00000, 0x000000070ec00000| Untracked 
|  80|0x000000070ee00000, 0x000000070ee00000, 0x000000070f000000|  0%| F|  |TAMS 0x000000070ee00000, 0x000000070ee00000| Untracked 
|  81|0x000000070f000000, 0x000000070f000000, 0x000000070f200000|  0%| F|  |TAMS 0x000000070f000000, 0x000000070f000000| Untracked 
|  82|0x000000070f200000, 0x000000070f200000, 0x000000070f400000|  0%| F|  |TAMS 0x000000070f200000, 0x000000070f200000| Untracked 
|  83|0x000000070f400000, 0x000000070f400000, 0x000000070f600000|  0%| F|  |TAMS 0x000000070f400000, 0x000000070f400000| Untracked 
|  84|0x000000070f600000, 0x000000070f600000, 0x000000070f800000|  0%| F|  |TAMS 0x000000070f600000, 0x000000070f600000| Untracked 
|  85|0x000000070f800000, 0x000000070f800000, 0x000000070fa00000|  0%| F|  |TAMS 0x000000070f800000, 0x000000070f800000| Untracked 
|  86|0x000000070fa00000, 0x000000070fa00000, 0x000000070fc00000|  0%| F|  |TAMS 0x000000070fa00000, 0x000000070fa00000| Untracked 
|  87|0x000000070fc00000, 0x000000070fc00000, 0x000000070fe00000|  0%| F|  |TAMS 0x000000070fc00000, 0x000000070fc00000| Untracked 
|  88|0x000000070fe00000, 0x000000070fe00000, 0x0000000710000000|  0%| F|  |TAMS 0x000000070fe00000, 0x000000070fe00000| Untracked 
|  89|0x0000000710000000, 0x0000000710000000, 0x0000000710200000|  0%| F|  |TAMS 0x0000000710000000, 0x0000000710000000| Untracked 
|  90|0x0000000710200000, 0x0000000710200000, 0x0000000710400000|  0%| F|  |TAMS 0x0000000710200000, 0x0000000710200000| Untracked 
|  91|0x0000000710400000, 0x0000000710400000, 0x0000000710600000|  0%| F|  |TAMS 0x0000000710400000, 0x0000000710400000| Untracked 
|  92|0x0000000710600000, 0x0000000710600000, 0x0000000710800000|  0%| F|  |TAMS 0x0000000710600000, 0x0000000710600000| Untracked 
|  93|0x0000000710800000, 0x0000000710800000, 0x0000000710a00000|  0%| F|  |TAMS 0x0000000710800000, 0x0000000710800000| Untracked 
|  94|0x0000000710a00000, 0x0000000710a00000, 0x0000000710c00000|  0%| F|  |TAMS 0x0000000710a00000, 0x0000000710a00000| Untracked 
|  95|0x0000000710c00000, 0x0000000710c00000, 0x0000000710e00000|  0%| F|  |TAMS 0x0000000710c00000, 0x0000000710c00000| Untracked 
|  96|0x0000000710e00000, 0x0000000710e00000, 0x0000000711000000|  0%| F|  |TAMS 0x0000000710e00000, 0x0000000710e00000| Untracked 
|  97|0x0000000711000000, 0x0000000711000000, 0x0000000711200000|  0%| F|  |TAMS 0x0000000711000000, 0x0000000711000000| Untracked 
|  98|0x0000000711200000, 0x0000000711200000, 0x0000000711400000|  0%| F|  |TAMS 0x0000000711200000, 0x0000000711200000| Untracked 
|  99|0x0000000711400000, 0x0000000711400000, 0x0000000711600000|  0%| F|  |TAMS 0x0000000711400000, 0x0000000711400000| Untracked 
| 100|0x0000000711600000, 0x0000000711600000, 0x0000000711800000|  0%| F|  |TAMS 0x0000000711600000, 0x0000000711600000| Untracked 
| 101|0x0000000711800000, 0x0000000711800000, 0x0000000711a00000|  0%| F|  |TAMS 0x0000000711800000, 0x0000000711800000| Untracked 
| 102|0x0000000711a00000, 0x0000000711a00000, 0x0000000711c00000|  0%| F|  |TAMS 0x0000000711a00000, 0x0000000711a00000| Untracked 
| 103|0x0000000711c00000, 0x0000000711c00000, 0x0000000711e00000|  0%| F|  |TAMS 0x0000000711c00000, 0x0000000711c00000| Untracked 
| 104|0x0000000711e00000, 0x0000000711e00000, 0x0000000712000000|  0%| F|  |TAMS 0x0000000711e00000, 0x0000000711e00000| Untracked 
| 105|0x0000000712000000, 0x0000000712000000, 0x0000000712200000|  0%| F|  |TAMS 0x0000000712000000, 0x0000000712000000| Untracked 
| 106|0x0000000712200000, 0x0000000712200000, 0x0000000712400000|  0%| F|  |TAMS 0x0000000712200000, 0x0000000712200000| Untracked 
| 107|0x0000000712400000, 0x0000000712400000, 0x0000000712600000|  0%| F|  |TAMS 0x0000000712400000, 0x0000000712400000| Untracked 
| 108|0x0000000712600000, 0x0000000712600000, 0x0000000712800000|  0%| F|  |TAMS 0x0000000712600000, 0x0000000712600000| Untracked 
| 109|0x0000000712800000, 0x0000000712800000, 0x0000000712a00000|  0%| F|  |TAMS 0x0000000712800000, 0x0000000712800000| Untracked 
| 110|0x0000000712a00000, 0x0000000712a00000, 0x0000000712c00000|  0%| F|  |TAMS 0x0000000712a00000, 0x0000000712a00000| Untracked 
| 111|0x0000000712c00000, 0x0000000712c00000, 0x0000000712e00000|  0%| F|  |TAMS 0x0000000712c00000, 0x0000000712c00000| Untracked 
| 112|0x0000000712e00000, 0x0000000712e00000, 0x0000000713000000|  0%| F|  |TAMS 0x0000000712e00000, 0x0000000712e00000| Untracked 
| 113|0x0000000713000000, 0x0000000713000000, 0x0000000713200000|  0%| F|  |TAMS 0x0000000713000000, 0x0000000713000000| Untracked 
| 114|0x0000000713200000, 0x0000000713200000, 0x0000000713400000|  0%| F|  |TAMS 0x0000000713200000, 0x0000000713200000| Untracked 
| 115|0x0000000713400000, 0x0000000713400000, 0x0000000713600000|  0%| F|  |TAMS 0x0000000713400000, 0x0000000713400000| Untracked 
| 116|0x0000000713600000, 0x0000000713600000, 0x0000000713800000|  0%| F|  |TAMS 0x0000000713600000, 0x0000000713600000| Untracked 
| 117|0x0000000713800000, 0x0000000713800000, 0x0000000713a00000|  0%| F|  |TAMS 0x0000000713800000, 0x0000000713800000| Untracked 
| 118|0x0000000713a00000, 0x0000000713a00000, 0x0000000713c00000|  0%| F|  |TAMS 0x0000000713a00000, 0x0000000713a00000| Untracked 
| 119|0x0000000713c00000, 0x0000000713c00000, 0x0000000713e00000|  0%| F|  |TAMS 0x0000000713c00000, 0x0000000713c00000| Untracked 
| 120|0x0000000713e00000, 0x0000000713f87800, 0x0000000714000000| 76%| S|CS|TAMS 0x0000000713e00000, 0x0000000713e00000| Complete 
| 121|0x0000000714000000, 0x0000000714200000, 0x0000000714200000|100%| S|CS|TAMS 0x0000000714000000, 0x0000000714000000| Complete 
| 122|0x0000000714200000, 0x0000000714400000, 0x0000000714400000|100%| S|CS|TAMS 0x0000000714200000, 0x0000000714200000| Complete 
| 123|0x0000000714400000, 0x0000000714400000, 0x0000000714600000|  0%| F|  |TAMS 0x0000000714400000, 0x0000000714400000| Untracked 
| 124|0x0000000714600000, 0x0000000714600000, 0x0000000714800000|  0%| F|  |TAMS 0x0000000714600000, 0x0000000714600000| Untracked 
| 125|0x0000000714800000, 0x0000000714800000, 0x0000000714a00000|  0%| F|  |TAMS 0x0000000714800000, 0x0000000714800000| Untracked 
| 126|0x0000000714a00000, 0x0000000714a00000, 0x0000000714c00000|  0%| F|  |TAMS 0x0000000714a00000, 0x0000000714a00000| Untracked 
| 127|0x0000000714c00000, 0x0000000714c00000, 0x0000000714e00000|  0%| F|  |TAMS 0x0000000714c00000, 0x0000000714c00000| Untracked 
| 128|0x0000000714e00000, 0x0000000714e00000, 0x0000000715000000|  0%| F|  |TAMS 0x0000000714e00000, 0x0000000714e00000| Untracked 
| 129|0x0000000715000000, 0x0000000715000000, 0x0000000715200000|  0%| F|  |TAMS 0x0000000715000000, 0x0000000715000000| Untracked 
| 130|0x0000000715200000, 0x0000000715200000, 0x0000000715400000|  0%| F|  |TAMS 0x0000000715200000, 0x0000000715200000| Untracked 
| 131|0x0000000715400000, 0x0000000715400000, 0x0000000715600000|  0%| F|  |TAMS 0x0000000715400000, 0x0000000715400000| Untracked 
| 132|0x0000000715600000, 0x0000000715600000, 0x0000000715800000|  0%| F|  |TAMS 0x0000000715600000, 0x0000000715600000| Untracked 
| 133|0x0000000715800000, 0x0000000715800000, 0x0000000715a00000|  0%| F|  |TAMS 0x0000000715800000, 0x0000000715800000| Untracked 
| 134|0x0000000715a00000, 0x0000000715a00000, 0x0000000715c00000|  0%| F|  |TAMS 0x0000000715a00000, 0x0000000715a00000| Untracked 
| 135|0x0000000715c00000, 0x0000000715c00000, 0x0000000715e00000|  0%| F|  |TAMS 0x0000000715c00000, 0x0000000715c00000| Untracked 
| 136|0x0000000715e00000, 0x0000000715e00000, 0x0000000716000000|  0%| F|  |TAMS 0x0000000715e00000, 0x0000000715e00000| Untracked 
| 137|0x0000000716000000, 0x0000000716000000, 0x0000000716200000|  0%| F|  |TAMS 0x0000000716000000, 0x0000000716000000| Untracked 
| 138|0x0000000716200000, 0x0000000716200000, 0x0000000716400000|  0%| F|  |TAMS 0x0000000716200000, 0x0000000716200000| Untracked 
| 139|0x0000000716400000, 0x0000000716400000, 0x0000000716600000|  0%| F|  |TAMS 0x0000000716400000, 0x0000000716400000| Untracked 
| 140|0x0000000716600000, 0x0000000716600000, 0x0000000716800000|  0%| F|  |TAMS 0x0000000716600000, 0x0000000716600000| Untracked 
| 141|0x0000000716800000, 0x0000000716800000, 0x0000000716a00000|  0%| F|  |TAMS 0x0000000716800000, 0x0000000716800000| Untracked 
| 142|0x0000000716a00000, 0x0000000716a00000, 0x0000000716c00000|  0%| F|  |TAMS 0x0000000716a00000, 0x0000000716a00000| Untracked 
| 143|0x0000000716c00000, 0x0000000716c00000, 0x0000000716e00000|  0%| F|  |TAMS 0x0000000716c00000, 0x0000000716c00000| Untracked 
| 144|0x0000000716e00000, 0x0000000716e00000, 0x0000000717000000|  0%| F|  |TAMS 0x0000000716e00000, 0x0000000716e00000| Untracked 
| 145|0x0000000717000000, 0x0000000717000000, 0x0000000717200000|  0%| F|  |TAMS 0x0000000717000000, 0x0000000717000000| Untracked 
| 146|0x0000000717200000, 0x0000000717200000, 0x0000000717400000|  0%| F|  |TAMS 0x0000000717200000, 0x0000000717200000| Untracked 
| 147|0x0000000717400000, 0x0000000717400000, 0x0000000717600000|  0%| F|  |TAMS 0x0000000717400000, 0x0000000717400000| Untracked 
| 148|0x0000000717600000, 0x0000000717600000, 0x0000000717800000|  0%| F|  |TAMS 0x0000000717600000, 0x0000000717600000| Untracked 
| 149|0x0000000717800000, 0x0000000717800000, 0x0000000717a00000|  0%| F|  |TAMS 0x0000000717800000, 0x0000000717800000| Untracked 
| 150|0x0000000717a00000, 0x0000000717a00000, 0x0000000717c00000|  0%| F|  |TAMS 0x0000000717a00000, 0x0000000717a00000| Untracked 
| 151|0x0000000717c00000, 0x0000000717c00000, 0x0000000717e00000|  0%| F|  |TAMS 0x0000000717c00000, 0x0000000717c00000| Untracked 
| 152|0x0000000717e00000, 0x0000000717e00000, 0x0000000718000000|  0%| F|  |TAMS 0x0000000717e00000, 0x0000000717e00000| Untracked 
| 153|0x0000000718000000, 0x0000000718000000, 0x0000000718200000|  0%| F|  |TAMS 0x0000000718000000, 0x0000000718000000| Untracked 
| 154|0x0000000718200000, 0x0000000718200000, 0x0000000718400000|  0%| F|  |TAMS 0x0000000718200000, 0x0000000718200000| Untracked 
| 155|0x0000000718400000, 0x0000000718400000, 0x0000000718600000|  0%| F|  |TAMS 0x0000000718400000, 0x0000000718400000| Untracked 
| 156|0x0000000718600000, 0x0000000718600000, 0x0000000718800000|  0%| F|  |TAMS 0x0000000718600000, 0x0000000718600000| Untracked 
| 157|0x0000000718800000, 0x0000000718800000, 0x0000000718a00000|  0%| F|  |TAMS 0x0000000718800000, 0x0000000718800000| Untracked 
| 158|0x0000000718a00000, 0x0000000718a00000, 0x0000000718c00000|  0%| F|  |TAMS 0x0000000718a00000, 0x0000000718a00000| Untracked 
| 159|0x0000000718c00000, 0x0000000718c00000, 0x0000000718e00000|  0%| F|  |TAMS 0x0000000718c00000, 0x0000000718c00000| Untracked 
| 160|0x0000000718e00000, 0x0000000718e00000, 0x0000000719000000|  0%| F|  |TAMS 0x0000000718e00000, 0x0000000718e00000| Untracked 
| 161|0x0000000719000000, 0x0000000719000000, 0x0000000719200000|  0%| F|  |TAMS 0x0000000719000000, 0x0000000719000000| Untracked 
| 162|0x0000000719200000, 0x0000000719200000, 0x0000000719400000|  0%| F|  |TAMS 0x0000000719200000, 0x0000000719200000| Untracked 
| 163|0x0000000719400000, 0x0000000719400000, 0x0000000719600000|  0%| F|  |TAMS 0x0000000719400000, 0x0000000719400000| Untracked 
| 164|0x0000000719600000, 0x0000000719600000, 0x0000000719800000|  0%| F|  |TAMS 0x0000000719600000, 0x0000000719600000| Untracked 
| 165|0x0000000719800000, 0x0000000719800000, 0x0000000719a00000|  0%| F|  |TAMS 0x0000000719800000, 0x0000000719800000| Untracked 
| 166|0x0000000719a00000, 0x0000000719a00000, 0x0000000719c00000|  0%| F|  |TAMS 0x0000000719a00000, 0x0000000719a00000| Untracked 
| 167|0x0000000719c00000, 0x0000000719c00000, 0x0000000719e00000|  0%| F|  |TAMS 0x0000000719c00000, 0x0000000719c00000| Untracked 
| 168|0x0000000719e00000, 0x0000000719e00000, 0x000000071a000000|  0%| F|  |TAMS 0x0000000719e00000, 0x0000000719e00000| Untracked 
| 169|0x000000071a000000, 0x000000071a000000, 0x000000071a200000|  0%| F|  |TAMS 0x000000071a000000, 0x000000071a000000| Untracked 
| 170|0x000000071a200000, 0x000000071a200000, 0x000000071a400000|  0%| F|  |TAMS 0x000000071a200000, 0x000000071a200000| Untracked 
| 171|0x000000071a400000, 0x000000071a400000, 0x000000071a600000|  0%| F|  |TAMS 0x000000071a400000, 0x000000071a400000| Untracked 
| 172|0x000000071a600000, 0x000000071a600000, 0x000000071a800000|  0%| F|  |TAMS 0x000000071a600000, 0x000000071a600000| Untracked 
| 173|0x000000071a800000, 0x000000071a800000, 0x000000071aa00000|  0%| F|  |TAMS 0x000000071a800000, 0x000000071a800000| Untracked 
| 174|0x000000071aa00000, 0x000000071aa00000, 0x000000071ac00000|  0%| F|  |TAMS 0x000000071aa00000, 0x000000071aa00000| Untracked 
| 175|0x000000071ac00000, 0x000000071ac00000, 0x000000071ae00000|  0%| F|  |TAMS 0x000000071ac00000, 0x000000071ac00000| Untracked 
| 176|0x000000071ae00000, 0x000000071ae00000, 0x000000071b000000|  0%| F|  |TAMS 0x000000071ae00000, 0x000000071ae00000| Untracked 
| 177|0x000000071b000000, 0x000000071b000000, 0x000000071b200000|  0%| F|  |TAMS 0x000000071b000000, 0x000000071b000000| Untracked 
| 178|0x000000071b200000, 0x000000071b200000, 0x000000071b400000|  0%| F|  |TAMS 0x000000071b200000, 0x000000071b200000| Untracked 
| 179|0x000000071b400000, 0x000000071b400000, 0x000000071b600000|  0%| F|  |TAMS 0x000000071b400000, 0x000000071b400000| Untracked 
| 180|0x000000071b600000, 0x000000071b600000, 0x000000071b800000|  0%| F|  |TAMS 0x000000071b600000, 0x000000071b600000| Untracked 
| 181|0x000000071b800000, 0x000000071b800000, 0x000000071ba00000|  0%| F|  |TAMS 0x000000071b800000, 0x000000071b800000| Untracked 
| 182|0x000000071ba00000, 0x000000071ba00000, 0x000000071bc00000|  0%| F|  |TAMS 0x000000071ba00000, 0x000000071ba00000| Untracked 
| 183|0x000000071bc00000, 0x000000071bc00000, 0x000000071be00000|  0%| F|  |TAMS 0x000000071bc00000, 0x000000071bc00000| Untracked 
| 184|0x000000071be00000, 0x000000071be00000, 0x000000071c000000|  0%| F|  |TAMS 0x000000071be00000, 0x000000071be00000| Untracked 
| 185|0x000000071c000000, 0x000000071c000000, 0x000000071c200000|  0%| F|  |TAMS 0x000000071c000000, 0x000000071c000000| Untracked 
| 186|0x000000071c200000, 0x000000071c200000, 0x000000071c400000|  0%| F|  |TAMS 0x000000071c200000, 0x000000071c200000| Untracked 
| 187|0x000000071c400000, 0x000000071c400000, 0x000000071c600000|  0%| F|  |TAMS 0x000000071c400000, 0x000000071c400000| Untracked 
| 188|0x000000071c600000, 0x000000071c600000, 0x000000071c800000|  0%| F|  |TAMS 0x000000071c600000, 0x000000071c600000| Untracked 
| 189|0x000000071c800000, 0x000000071c800000, 0x000000071ca00000|  0%| F|  |TAMS 0x000000071c800000, 0x000000071c800000| Untracked 
| 190|0x000000071ca00000, 0x000000071ca00000, 0x000000071cc00000|  0%| F|  |TAMS 0x000000071ca00000, 0x000000071ca00000| Untracked 
| 191|0x000000071cc00000, 0x000000071cc00000, 0x000000071ce00000|  0%| F|  |TAMS 0x000000071cc00000, 0x000000071cc00000| Untracked 
| 192|0x000000071ce00000, 0x000000071ce00000, 0x000000071d000000|  0%| F|  |TAMS 0x000000071ce00000, 0x000000071ce00000| Untracked 
| 193|0x000000071d000000, 0x000000071d100768, 0x000000071d200000| 50%| E|  |TAMS 0x000000071d000000, 0x000000071d000000| Complete 
| 194|0x000000071d200000, 0x000000071d400000, 0x000000071d400000|100%| E|CS|TAMS 0x000000071d200000, 0x000000071d200000| Complete 
| 195|0x000000071d400000, 0x000000071d600000, 0x000000071d600000|100%| E|CS|TAMS 0x000000071d400000, 0x000000071d400000| Complete 
| 196|0x000000071d600000, 0x000000071d800000, 0x000000071d800000|100%| E|CS|TAMS 0x000000071d600000, 0x000000071d600000| Complete 
| 197|0x000000071d800000, 0x000000071da00000, 0x000000071da00000|100%| E|CS|TAMS 0x000000071d800000, 0x000000071d800000| Complete 
| 198|0x000000071da00000, 0x000000071dc00000, 0x000000071dc00000|100%| E|CS|TAMS 0x000000071da00000, 0x000000071da00000| Complete 
| 199|0x000000071dc00000, 0x000000071de00000, 0x000000071de00000|100%| E|CS|TAMS 0x000000071dc00000, 0x000000071dc00000| Complete 
| 200|0x000000071de00000, 0x000000071e000000, 0x000000071e000000|100%| E|CS|TAMS 0x000000071de00000, 0x000000071de00000| Complete 
| 201|0x000000071e000000, 0x000000071e200000, 0x000000071e200000|100%| E|CS|TAMS 0x000000071e000000, 0x000000071e000000| Complete 
| 202|0x000000071e200000, 0x000000071e400000, 0x000000071e400000|100%| E|CS|TAMS 0x000000071e200000, 0x000000071e200000| Complete 
| 203|0x000000071e400000, 0x000000071e600000, 0x000000071e600000|100%| E|CS|TAMS 0x000000071e400000, 0x000000071e400000| Complete 
| 204|0x000000071e600000, 0x000000071e800000, 0x000000071e800000|100%| E|CS|TAMS 0x000000071e600000, 0x000000071e600000| Complete 
| 205|0x000000071e800000, 0x000000071ea00000, 0x000000071ea00000|100%| E|CS|TAMS 0x000000071e800000, 0x000000071e800000| Complete 
| 206|0x000000071ea00000, 0x000000071ec00000, 0x000000071ec00000|100%| E|CS|TAMS 0x000000071ea00000, 0x000000071ea00000| Complete 
| 207|0x000000071ec00000, 0x000000071ee00000, 0x000000071ee00000|100%| E|CS|TAMS 0x000000071ec00000, 0x000000071ec00000| Complete 
| 208|0x000000071ee00000, 0x000000071f000000, 0x000000071f000000|100%| E|CS|TAMS 0x000000071ee00000, 0x000000071ee00000| Complete 
| 209|0x000000071f000000, 0x000000071f200000, 0x000000071f200000|100%| E|CS|TAMS 0x000000071f000000, 0x000000071f000000| Complete 
| 210|0x000000071f200000, 0x000000071f400000, 0x000000071f400000|100%| E|CS|TAMS 0x000000071f200000, 0x000000071f200000| Complete 
| 211|0x000000071f400000, 0x000000071f600000, 0x000000071f600000|100%| E|CS|TAMS 0x000000071f400000, 0x000000071f400000| Complete 
| 212|0x000000071f600000, 0x000000071f800000, 0x000000071f800000|100%| E|CS|TAMS 0x000000071f600000, 0x000000071f600000| Complete 
| 213|0x000000071f800000, 0x000000071fa00000, 0x000000071fa00000|100%| E|CS|TAMS 0x000000071f800000, 0x000000071f800000| Complete 
| 214|0x000000071fa00000, 0x000000071fc00000, 0x000000071fc00000|100%| E|CS|TAMS 0x000000071fa00000, 0x000000071fa00000| Complete 
| 215|0x000000071fc00000, 0x000000071fe00000, 0x000000071fe00000|100%| E|CS|TAMS 0x000000071fc00000, 0x000000071fc00000| Complete 
| 216|0x000000071fe00000, 0x0000000720000000, 0x0000000720000000|100%| E|CS|TAMS 0x000000071fe00000, 0x000000071fe00000| Complete 
| 217|0x0000000720000000, 0x0000000720200000, 0x0000000720200000|100%| E|CS|TAMS 0x0000000720000000, 0x0000000720000000| Complete 
| 218|0x0000000720200000, 0x0000000720400000, 0x0000000720400000|100%| E|CS|TAMS 0x0000000720200000, 0x0000000720200000| Complete 
| 219|0x0000000720400000, 0x0000000720600000, 0x0000000720600000|100%| E|CS|TAMS 0x0000000720400000, 0x0000000720400000| Complete 
| 220|0x0000000720600000, 0x0000000720800000, 0x0000000720800000|100%| E|CS|TAMS 0x0000000720600000, 0x0000000720600000| Complete 
| 221|0x0000000720800000, 0x0000000720a00000, 0x0000000720a00000|100%| E|CS|TAMS 0x0000000720800000, 0x0000000720800000| Complete 
| 222|0x0000000720a00000, 0x0000000720c00000, 0x0000000720c00000|100%| E|CS|TAMS 0x0000000720a00000, 0x0000000720a00000| Complete 
| 223|0x0000000720c00000, 0x0000000720e00000, 0x0000000720e00000|100%| E|CS|TAMS 0x0000000720c00000, 0x0000000720c00000| Complete 
| 224|0x0000000720e00000, 0x0000000721000000, 0x0000000721000000|100%| E|CS|TAMS 0x0000000720e00000, 0x0000000720e00000| Complete 
| 225|0x0000000721000000, 0x0000000721200000, 0x0000000721200000|100%| E|CS|TAMS 0x0000000721000000, 0x0000000721000000| Complete 
| 226|0x0000000721200000, 0x0000000721400000, 0x0000000721400000|100%| E|CS|TAMS 0x0000000721200000, 0x0000000721200000| Complete 
| 227|0x0000000721400000, 0x0000000721600000, 0x0000000721600000|100%| E|CS|TAMS 0x0000000721400000, 0x0000000721400000| Complete 
| 228|0x0000000721600000, 0x0000000721800000, 0x0000000721800000|100%| E|CS|TAMS 0x0000000721600000, 0x0000000721600000| Complete 
| 229|0x0000000721800000, 0x0000000721a00000, 0x0000000721a00000|100%| E|CS|TAMS 0x0000000721800000, 0x0000000721800000| Complete 
| 230|0x0000000721a00000, 0x0000000721c00000, 0x0000000721c00000|100%| E|CS|TAMS 0x0000000721a00000, 0x0000000721a00000| Complete 
| 231|0x0000000721c00000, 0x0000000721e00000, 0x0000000721e00000|100%| E|CS|TAMS 0x0000000721c00000, 0x0000000721c00000| Complete 
| 232|0x0000000721e00000, 0x0000000722000000, 0x0000000722000000|100%| E|CS|TAMS 0x0000000721e00000, 0x0000000721e00000| Complete 
| 233|0x0000000722000000, 0x0000000722200000, 0x0000000722200000|100%| E|CS|TAMS 0x0000000722000000, 0x0000000722000000| Complete 
| 234|0x0000000722200000, 0x0000000722400000, 0x0000000722400000|100%| E|CS|TAMS 0x0000000722200000, 0x0000000722200000| Complete 
| 235|0x0000000722400000, 0x0000000722600000, 0x0000000722600000|100%| E|CS|TAMS 0x0000000722400000, 0x0000000722400000| Complete 
| 236|0x0000000722600000, 0x0000000722800000, 0x0000000722800000|100%| E|CS|TAMS 0x0000000722600000, 0x0000000722600000| Complete 

Card table byte_map: [0x000001a1a87f0000,0x000001a1a8fd0000] _byte_map_base: 0x000001a1a4fc9000

Marking Bits (Prev, Next): (CMBitMap*) 0x000001a19152a4f0, (CMBitMap*) 0x000001a19152a530
 Prev Bits: [0x000001a1a97b0000, 0x000001a1ad678000)
 Next Bits: [0x000001a1ad680000, 0x000001a1b1548000)

Polling page: 0x000001a18f030000

Metaspace:

Usage:
  Non-class:      8.23 MB used.
      Class:   1001.09 KB used.
       Both:      9.20 MB used.

Virtual space:
  Non-class space:       16.00 MB reserved,       8.31 MB ( 52%) committed,  2 nodes.
      Class space:        1.00 GB reserved,       1.12 MB ( <1%) committed,  1 nodes.
             Both:        1.02 GB reserved,       9.44 MB ( <1%) committed. 

Chunk freelists:
   Non-Class:  2.84 MB
       Class:  2.74 MB
        Both:  5.58 MB

MaxMetaspaceSize: unlimited
CompressedClassSpaceSize: 1.00 GB
Initial GC threshold: 21.00 MB
Current GC threshold: 21.00 MB
CDS: on
MetaspaceReclaimPolicy: balanced
 - commit_granule_bytes: 65536.
 - commit_granule_words: 8192.
 - virtual_space_node_default_size: 1048576.
 - enlarge_chunks_in_place: 1.
 - new_chunks_are_fully_committed: 0.
 - uncommit_free_chunks: 1.
 - use_allocation_guard: 0.
 - handle_deallocations: 1.


Internal statistics:

num_allocs_failed_limit: 0.
num_arena_births: 138.
num_arena_deaths: 0.
num_vsnodes_births: 3.
num_vsnodes_deaths: 0.
num_space_committed: 151.
num_space_uncommitted: 0.
num_chunks_returned_to_freelist: 0.
num_chunks_taken_from_freelist: 222.
num_chunk_merges: 0.
num_chunk_splits: 116.
num_chunks_enlarged: 29.
num_purges: 0.
num_inconsistent_stats: 0.

CodeHeap 'non-profiled nmethods': size=120000Kb used=1410Kb max_used=1410Kb free=118589Kb
 bounds [0x000001a1a07b0000, 0x000001a1a0a20000, 0x000001a1a7ce0000]
CodeHeap 'profiled nmethods': size=120000Kb used=3893Kb max_used=3893Kb free=116106Kb
 bounds [0x000001a199280000, 0x000001a199650000, 0x000001a1a07b0000]
CodeHeap 'non-nmethods': size=5760Kb used=1305Kb max_used=1387Kb free=4454Kb
 bounds [0x000001a198ce0000, 0x000001a198f50000, 0x000001a199280000]
 total_blobs=2763 nmethods=2136 adapters=539
 compilation: enabled
              stopped_count=0, restarted_count=0
 full_count=0

Compilation events (20 events):
Event: 13.024 Thread 0x000001a1b371bb90 nmethod 2128 0x000001a199649090 code [0x000001a199649240, 0x000001a199649718]
Event: 13.025 Thread 0x000001a1b371bb90 2129       3       sun.java2d.marlin.IntArrayCache$Reference::putArray (55 bytes)
Event: 13.025 Thread 0x000001a1b371bb90 nmethod 2129 0x000001a199649810 code [0x000001a199649a00, 0x000001a199649f48]
Event: 13.172 Thread 0x000001a1b371b1e0 2130       4       java.awt.Component::getInputContext (16 bytes)
Event: 13.172 Thread 0x000001a1b371b1e0 nmethod 2130 0x000001a1a090f210 code [0x000001a1a090f380, 0x000001a1a090f438]
Event: 13.172 Thread 0x000001a1b371bb90 2131       3       java.awt.geom.AffineTransform::isIdentity (20 bytes)
Event: 13.173 Thread 0x000001a1b371bb90 nmethod 2131 0x000001a19964a210 code [0x000001a19964a3c0, 0x000001a19964a648]
Event: 13.173 Thread 0x000001a1b371bb90 2132       3       java.util.concurrent.locks.ReentrantLock::lock (8 bytes)
Event: 13.173 Thread 0x000001a1b371bb90 nmethod 2132 0x000001a19964a710 code [0x000001a19964a8c0, 0x000001a19964ab78]
Event: 13.202 Thread 0x000001a1b371bb90 2133       3       java.awt.geom.Rectangle2D::intersects (85 bytes)
Event: 13.202 Thread 0x000001a1b371bb90 nmethod 2133 0x000001a19964ac90 code [0x000001a19964aec0, 0x000001a19964b6c8]
Event: 13.204 Thread 0x000001a1b371bb90 2134   !   3       java.awt.Container::getMouseEventTargetImpl (255 bytes)
Event: 13.204 Thread 0x000001a1b371bb90 nmethod 2134 0x000001a19964b890 code [0x000001a19964bb40, 0x000001a19964cec8]
Event: 13.280 Thread 0x000001a1b371b1e0 2135       4       java.util.Arrays::fill (28 bytes)
Event: 13.284 Thread 0x000001a1b371b1e0 nmethod 2135 0x000001a1a090f510 code [0x000001a1a090f6a0, 0x000001a1a090f8b8]
Event: 13.356 Thread 0x000001a1b371b1e0 2136       4       java.awt.EventQueue::eventToCacheIndex (80 bytes)
Event: 13.357 Thread 0x000001a1b371b1e0 nmethod 2136 0x000001a1a090fa10 code [0x000001a1a090fba0, 0x000001a1a090fc98]
Event: 13.358 Thread 0x000001a1b371b1e0 2137       4       sun.java2d.SunGraphics2D::getClip (9 bytes)
Event: 13.361 Thread 0x000001a1b371b1e0 nmethod 2137 0x000001a1a090fd90 code [0x000001a1a090ffc0, 0x000001a1a09105e8]
Event: 13.398 Thread 0x000001a1b371b1e0 2138   !   4       sun.awt.PostEventQueue::flush (168 bytes)

GC Heap History (16 events):
Event: 0.399 GC heap before
{Heap before GC invocations=0 (full 0):
 garbage-first heap   total 258048K, used 73728K [0x0000000704e00000, 0x0000000800000000)
  region size 2048K, 11 young (22528K), 0 survivors (0K)
 Metaspace       used 7163K, committed 7360K, reserved 1056768K
  class space    used 776K, committed 896K, reserved 1048576K
}
Event: 0.403 GC heap after
{Heap after GC invocations=1 (full 0):
 garbage-first heap   total 258048K, used 54522K [0x0000000704e00000, 0x0000000800000000)
  region size 2048K, 2 young (4096K), 2 survivors (4096K)
 Metaspace       used 7163K, committed 7360K, reserved 1056768K
  class space    used 776K, committed 896K, reserved 1048576K
}
Event: 1.585 GC heap before
{Heap before GC invocations=1 (full 0):
 garbage-first heap   total 258048K, used 109818K [0x0000000704e00000, 0x0000000800000000)
  region size 2048K, 18 young (36864K), 2 survivors (4096K)
 Metaspace       used 8829K, committed 9024K, reserved 1064960K
  class space    used 990K, committed 1088K, reserved 1048576K
}
Event: 1.588 GC heap after
{Heap after GC invocations=2 (full 0):
 garbage-first heap   total 258048K, used 80668K [0x0000000704e00000, 0x0000000800000000)
  region size 2048K, 2 young (4096K), 2 survivors (4096K)
 Metaspace       used 8829K, committed 9024K, reserved 1064960K
  class space    used 990K, committed 1088K, reserved 1048576K
}
Event: 1.780 GC heap before
{Heap before GC invocations=2 (full 0):
 garbage-first heap   total 258048K, used 140060K [0x0000000704e00000, 0x0000000800000000)
  region size 2048K, 14 young (28672K), 2 survivors (4096K)
 Metaspace       used 8876K, committed 9088K, reserved 1064960K
  class space    used 991K, committed 1088K, reserved 1048576K
}
Event: 1.781 GC heap after
{Heap after GC invocations=3 (full 0):
 garbage-first heap   total 258048K, used 117694K [0x0000000704e00000, 0x0000000800000000)
  region size 2048K, 2 young (4096K), 2 survivors (4096K)
 Metaspace       used 8876K, committed 9088K, reserved 1064960K
  class space    used 991K, committed 1088K, reserved 1048576K
}
Event: 1.821 GC heap before
{Heap before GC invocations=3 (full 0):
 garbage-first heap   total 258048K, used 125886K [0x0000000704e00000, 0x0000000800000000)
  region size 2048K, 4 young (8192K), 2 survivors (4096K)
 Metaspace       used 8942K, committed 9216K, reserved 1064960K
  class space    used 995K, committed 1152K, reserved 1048576K
}
Event: 1.822 GC heap after
{Heap after GC invocations=4 (full 0):
 garbage-first heap   total 258048K, used 123711K [0x0000000704e00000, 0x0000000800000000)
  region size 2048K, 2 young (4096K), 2 survivors (4096K)
 Metaspace       used 8942K, committed 9216K, reserved 1064960K
  class space    used 995K, committed 1152K, reserved 1048576K
}
Event: 2.245 GC heap before
{Heap before GC invocations=5 (full 0):
 garbage-first heap   total 258048K, used 131903K [0x0000000704e00000, 0x0000000800000000)
  region size 2048K, 6 young (12288K), 2 survivors (4096K)
 Metaspace       used 9053K, committed 9344K, reserved 1064960K
  class space    used 995K, committed 1152K, reserved 1048576K
}
Event: 2.247 GC heap after
{Heap after GC invocations=6 (full 0):
 garbage-first heap   total 258048K, used 121901K [0x0000000704e00000, 0x0000000800000000)
  region size 2048K, 2 young (4096K), 2 survivors (4096K)
 Metaspace       used 9053K, committed 9344K, reserved 1064960K
  class space    used 995K, committed 1152K, reserved 1048576K
}
Event: 3.996 GC heap before
{Heap before GC invocations=7 (full 0):
 garbage-first heap   total 258048K, used 144429K [0x0000000704e00000, 0x0000000800000000)
  region size 2048K, 12 young (24576K), 2 survivors (4096K)
 Metaspace       used 9298K, committed 9600K, reserved 1064960K
  class space    used 1001K, committed 1152K, reserved 1048576K
}
Event: 3.997 GC heap after
{Heap after GC invocations=8 (full 0):
 garbage-first heap   total 258048K, used 123736K [0x0000000704e00000, 0x0000000800000000)
  region size 2048K, 2 young (4096K), 2 survivors (4096K)
 Metaspace       used 9298K, committed 9600K, reserved 1064960K
  class space    used 1001K, committed 1152K, reserved 1048576K
}
Event: 4.439 GC heap before
{Heap before GC invocations=9 (full 0):
 garbage-first heap   total 258048K, used 136024K [0x0000000704e00000, 0x0000000800000000)
  region size 2048K, 8 young (16384K), 2 survivors (4096K)
 Metaspace       used 9342K, committed 9600K, reserved 1064960K
  class space    used 1001K, committed 1152K, reserved 1048576K
}
Event: 4.440 GC heap after
{Heap after GC invocations=10 (full 0):
 garbage-first heap   total 258048K, used 126832K [0x0000000704e00000, 0x0000000800000000)
  region size 2048K, 3 young (6144K), 3 survivors (6144K)
 Metaspace       used 9342K, committed 9600K, reserved 1064960K
  class space    used 1001K, committed 1152K, reserved 1048576K
}
Event: 4.874 GC heap before
{Heap before GC invocations=11 (full 0):
 garbage-first heap   total 258048K, used 137072K [0x0000000704e00000, 0x0000000800000000)
  region size 2048K, 6 young (12288K), 3 survivors (6144K)
 Metaspace       used 9350K, committed 9600K, reserved 1064960K
  class space    used 1001K, committed 1152K, reserved 1048576K
}
Event: 4.876 GC heap after
{Heap after GC invocations=12 (full 0):
 garbage-first heap   total 485376K, used 127659K [0x0000000704e00000, 0x0000000800000000)
  region size 2048K, 3 young (6144K), 3 survivors (6144K)
 Metaspace       used 9350K, committed 9600K, reserved 1064960K
  class space    used 1001K, committed 1152K, reserved 1048576K
}

Deoptimization events (20 events):
Event: 12.700 Thread 0x000001a1b438d840 Uncommon trap: trap_request=0xffffff45 fr.pc=0x000001a1a08e4450 relative=0x00000000000001b0
Event: 12.700 Thread 0x000001a1b438d840 Uncommon trap: reason=unstable_if action=reinterpret pc=0x000001a1a08e4450 method=java.awt.geom.Rectangle2D.intersects(DDDD)Z @ 76 c2
Event: 12.700 Thread 0x000001a1b438d840 DEOPT PACKING pc=0x000001a1a08e4450 sp=0x00000064094fe2c0
Event: 12.700 Thread 0x000001a1b438d840 DEOPT UNPACKING pc=0x000001a198d35c23 sp=0x00000064094fe260 mode 2
Event: 12.700 Thread 0x000001a1b438d840 Uncommon trap: trap_request=0xffffff45 fr.pc=0x000001a1a08f42e4 relative=0x0000000000000064
Event: 12.700 Thread 0x000001a1b438d840 Uncommon trap: reason=unstable_if action=reinterpret pc=0x000001a1a08f42e4 method=javax.swing.JComponent.paintBorder(Ljava/awt/Graphics;)V @ 6 c2
Event: 12.700 Thread 0x000001a1b438d840 DEOPT PACKING pc=0x000001a1a08f42e4 sp=0x00000064094fe1a0
Event: 12.700 Thread 0x000001a1b438d840 DEOPT UNPACKING pc=0x000001a198d35c23 sp=0x00000064094fe138 mode 2
Event: 12.774 Thread 0x000001a1b438d840 Uncommon trap: trap_request=0xffffff45 fr.pc=0x000001a1a09017e8 relative=0x0000000000000f28
Event: 12.774 Thread 0x000001a1b438d840 Uncommon trap: reason=unstable_if action=reinterpret pc=0x000001a1a09017e8 method=java.awt.Container.getMouseEventTargetImpl(IIZLjava/awt/Container$EventTargetFilter;ZZ)Ljava/awt/Component; @ 218 c2
Event: 12.774 Thread 0x000001a1b438d840 DEOPT PACKING pc=0x000001a1a09017e8 sp=0x00000064094feb70
Event: 12.774 Thread 0x000001a1b438d840 DEOPT UNPACKING pc=0x000001a198d35c23 sp=0x00000064094feb08 mode 2
Event: 13.025 Thread 0x000001a1b438d840 DEOPT PACKING pc=0x000001a1994f8683 sp=0x00000064094fdc40
Event: 13.025 Thread 0x000001a1b438d840 DEOPT UNPACKING pc=0x000001a198d36763 sp=0x00000064094fd060 mode 0
Event: 13.078 Thread 0x000001a1b439ac80 Uncommon trap: trap_request=0xffffff45 fr.pc=0x000001a1a08d584c relative=0x000000000000014c
Event: 13.078 Thread 0x000001a1b439ac80 Uncommon trap: reason=unstable_if action=reinterpret pc=0x000001a1a08d584c method=java.util.concurrent.locks.ReentrantLock$NonfairSync.initialTryLock()Z @ 10 c2
Event: 13.078 Thread 0x000001a1b439ac80 DEOPT PACKING pc=0x000001a1a08d584c sp=0x00000064093fde30
Event: 13.078 Thread 0x000001a1b439ac80 DEOPT UNPACKING pc=0x000001a198d35c23 sp=0x00000064093fdd18 mode 2
Event: 13.280 Thread 0x000001a1b438d840 DEOPT PACKING pc=0x000001a19949f542 sp=0x00000064094fdc00
Event: 13.280 Thread 0x000001a1b438d840 DEOPT UNPACKING pc=0x000001a198d36763 sp=0x00000064094fd090 mode 0

Classes unloaded (0 events):
No events

Classes redefined (0 events):
No events

Internal exceptions (18 events):
Event: 0.062 Thread 0x000001a1b4243c00 Exception <a 'java/lang/NoSuchMethodError'{0x00000007146759c8}: 'java.lang.Object java.lang.invoke.DirectMethodHandle$Holder.invokeStaticInit(java.lang.Object)'> (0x00000007146759c8) 
thrown [s\open\src\hotspot\share\interpreter\linkResolver.cpp, line 759]
Event: 0.064 Thread 0x000001a1914c0ff0 Exception <a 'java/lang/ClassNotFoundException'{0x0000000714659740}: sun/awt/resources/spi/awtProvider> (0x0000000714659740) 
thrown [s\open\src\hotspot\share\classfile\systemDictionary.cpp, line 256]
Event: 0.065 Thread 0x000001a1b4243c00 Exception <a 'java/lang/NoSuchMethodError'{0x0000000714683338}: 'void java.lang.invoke.DirectMethodHandle$Holder.invokeStatic(java.lang.Object, java.lang.Object)'> (0x0000000714683338) 
thrown [s\open\src\hotspot\share\interpreter\linkResolver.cpp, line 759]
Event: 0.078 Thread 0x000001a1914c0ff0 Exception <a 'java/io/FileNotFoundException'{0x0000000714721548}> (0x0000000714721548) 
thrown [s\open\src\hotspot\share\prims\jni.cpp, line 516]
Event: 0.082 Thread 0x000001a1914c0ff0 Exception <a 'java/io/FileNotFoundException'{0x000000071474e5b8}> (0x000000071474e5b8) 
thrown [s\open\src\hotspot\share\prims\jni.cpp, line 516]
Event: 0.143 Thread 0x000001a1b438d840 Exception <a 'java/lang/NoSuchMethodError'{0x0000000714454dd8}: 'void java.lang.invoke.DirectMethodHandle$Holder.invokeSpecial(java.lang.Object, java.lang.Object, java.lang.Object)'> (0x0000000714454dd8) 
thrown [s\open\src\hotspot\share\interpreter\linkResolver.cpp, line 759]
Event: 0.148 Thread 0x000001a1b438d840 Exception <a 'java/lang/NoSuchMethodError'{0x0000000714560738}: 'java.lang.Object java.lang.invoke.DirectMethodHandle$Holder.newInvokeSpecial(java.lang.Object, java.lang.Object, java.lang.Object, java.lang.Object, java.lang.Object)'> (0x0000000714560738) 
thrown [s\open\src\hotspot\share\interpreter\linkResolver.cpp, line 759]
Event: 0.149 Thread 0x000001a1b438d840 Exception <a 'java/lang/NoSuchMethodError'{0x000000071456c100}: 'java.lang.Object java.lang.invoke.DirectMethodHandle$Holder.invokeStatic(java.lang.Object, int, java.lang.Object, java.lang.Object, java.lang.Object, java.lang.Object)'> (0x000000071456c100) 
thrown [s\open\src\hotspot\share\interpreter\linkResolver.cpp, line 759]
Event: 0.151 Thread 0x000001a1b438d840 Exception <a 'java/lang/NoSuchMethodError'{0x00000007145918c0}: 'java.lang.Object java.lang.invoke.DirectMethodHandle$Holder.invokeStatic(java.lang.Object, int, java.lang.Object)'> (0x00000007145918c0) 
thrown [s\open\src\hotspot\share\interpreter\linkResolver.cpp, line 759]
Event: 0.163 Thread 0x000001a1b438d840 Exception <a 'java/lang/ClassNotFoundException'{0x000000071424a438}: com/sun/swing/internal/plaf/metal/resources/spi/metalProvider> (0x000000071424a438) 
thrown [s\open\src\hotspot\share\classfile\systemDictionary.cpp, line 256]
Event: 0.163 Thread 0x000001a1b438d840 Exception <a 'java/lang/ClassNotFoundException'{0x000000071424fff0}: com/sun/swing/internal/plaf/basic/resources/spi/basicProvider> (0x000000071424fff0) 
thrown [s\open\src\hotspot\share\classfile\systemDictionary.cpp, line 256]
Event: 0.174 Thread 0x000001a1b5913a40 Exception <a 'java/lang/NoSuchMethodError'{0x0000000714281f58}: 'java.lang.Object java.lang.invoke.DirectMethodHandle$Holder.newInvokeSpecial(java.lang.Object, java.lang.Object, java.lang.Object, int, int, int, int, int)'> (0x0000000714281f58) 
thrown [s\open\src\hotspot\share\interpreter\linkResolver.cpp, line 759]
Event: 0.193 Thread 0x000001a1b5913a40 Exception <a 'java/lang/InterruptedException'{0x0000000714115900}: sleep interrupted> (0x0000000714115900) 
thrown [s\open\src\hotspot\share\prims\jvm.cpp, line 3041]
Event: 0.205 Thread 0x000001a1b439ac80 Exception <a 'java/lang/NoSuchMethodError'{0x00000007147d2b08}: 'void java.lang.invoke.DirectMethodHandle$Holder.invokeVirtual(java.lang.Object, java.lang.Object)'> (0x00000007147d2b08) 
thrown [s\open\src\hotspot\share\interpreter\linkResolver.cpp, line 759]
Event: 0.214 Thread 0x000001a1b438d840 Exception <a 'java/lang/NoSuchMethodError'{0x00000007141d1f20}: 'void java.lang.invoke.DirectMethodHandle$Holder.invokeStaticInit(java.lang.Object)'> (0x00000007141d1f20) 
thrown [s\open\src\hotspot\share\interpreter\linkResolver.cpp, line 759]
Event: 0.220 Thread 0x000001a1b438d840 Exception <a 'java/io/FileNotFoundException'{0x00000007141e3270}> (0x00000007141e3270) 
thrown [s\open\src\hotspot\share\prims\jni.cpp, line 516]
Event: 0.438 Thread 0x000001a1b438d840 Implicit null exception at 0x000001a1a07f6003 to 0x000001a1a07f6080
Event: 0.438 Thread 0x000001a1b438d840 Implicit null exception at 0x000001a1a07f4974 to 0x000001a1a07f49e8

VM Operations (20 events):
Event: 4.446 Executing VM operation: G1Concurrent
Event: 4.447 Executing VM operation: G1Concurrent done
Event: 4.874 Executing VM operation: G1TryInitiateConcMark
Event: 4.876 Executing VM operation: G1TryInitiateConcMark done
Event: 5.890 Executing VM operation: Cleanup
Event: 5.890 Executing VM operation: Cleanup done
Event: 6.901 Executing VM operation: Cleanup
Event: 6.902 Executing VM operation: Cleanup done
Event: 7.916 Executing VM operation: Cleanup
Event: 7.917 Executing VM operation: Cleanup done
Event: 8.918 Executing VM operation: Cleanup
Event: 8.919 Executing VM operation: Cleanup done
Event: 9.923 Executing VM operation: Cleanup
Event: 9.923 Executing VM operation: Cleanup done
Event: 10.929 Executing VM operation: Cleanup
Event: 10.929 Executing VM operation: Cleanup done
Event: 11.930 Executing VM operation: Cleanup
Event: 11.931 Executing VM operation: Cleanup done
Event: 12.945 Executing VM operation: Cleanup
Event: 12.945 Executing VM operation: Cleanup done

Events (20 events):
Event: 1.786 loading class java/awt/GraphicsCallback$PeerPaintCallback
Event: 1.786 loading class java/awt/GraphicsCallback$PeerPaintCallback done
Event: 1.788 loading class java/awt/GraphicsCallback$PaintHeavyweightComponentsCallback
Event: 1.788 loading class java/awt/GraphicsCallback$PaintHeavyweightComponentsCallback done
Event: 1.805 loading class sun/font/CMap$CMapFormat4
Event: 1.805 loading class sun/font/CMap$CMapFormat4 done
Event: 1.805 loading class java/nio/ByteBufferAsCharBufferB
Event: 1.805 loading class java/nio/ByteBufferAsCharBufferB done
Event: 2.001 Thread 0x000001a1b5d8abc0 Thread exited: 0x000001a1b5d8abc0
Event: 2.684 loading class java/awt/geom/Ellipse2D$Float
Event: 2.684 loading class java/awt/geom/Ellipse2D
Event: 2.684 loading class java/awt/geom/Ellipse2D done
Event: 2.684 loading class java/awt/geom/Ellipse2D$Float done
Event: 2.684 loading class java/awt/geom/EllipseIterator
Event: 2.684 loading class java/awt/geom/EllipseIterator done
Event: 3.263 loading class javax/swing/CellRendererPane
Event: 3.263 loading class javax/swing/CellRendererPane done
Event: 3.263 loading class javax/swing/RepaintManager$3
Event: 3.263 loading class javax/swing/RepaintManager$3 done
Event: 10.455 Thread 0x000001a1b5847ec0 Thread exited: 0x000001a1b5847ec0


Dynamic libraries:
0x00007ff7c89f0000 - 0x00007ff7c8a00000 	C:\Program Files\Java\jdk-17.0.4.1\bin\java.exe
0x00007ff97a930000 - 0x00007ff97ab44000 	C:\WINDOWS\SYSTEM32\ntdll.dll
0x00007ff979550000 - 0x00007ff979612000 	C:\WINDOWS\System32\KERNEL32.DLL
0x00007ff977f60000 - 0x00007ff978303000 	C:\WINDOWS\System32\KERNELBASE.dll
0x00007ff978570000 - 0x00007ff978681000 	C:\WINDOWS\System32\ucrtbase.dll
0x00007ff9727a0000 - 0x00007ff9727ba000 	C:\Program Files\Java\jdk-17.0.4.1\bin\VCRUNTIME140.dll
0x00007ff972780000 - 0x00007ff972798000 	C:\Program Files\Java\jdk-17.0.4.1\bin\jli.dll
0x00007ff978ec0000 - 0x00007ff978f6e000 	C:\WINDOWS\System32\ADVAPI32.dll
0x00007ff978a60000 - 0x00007ff978b07000 	C:\WINDOWS\System32\msvcrt.dll
0x00007ff97a840000 - 0x00007ff97a8e4000 	C:\WINDOWS\System32\sechost.dll
0x00007ff97a4d0000 - 0x00007ff97a5e7000 	C:\WINDOWS\System32\RPCRT4.dll
0x00007ff978b10000 - 0x00007ff978cbb000 	C:\WINDOWS\System32\USER32.dll
0x00007ff977d50000 - 0x00007ff977d76000 	C:\WINDOWS\System32\win32u.dll
0x00007ff967230000 - 0x00007ff9674be000 	C:\WINDOWS\WinSxS\amd64_microsoft.windows.common-controls_6595b64144ccf1df_6.0.22621.1635_none_270f70857386168e\COMCTL32.dll
0x00007ff978810000 - 0x00007ff978839000 	C:\WINDOWS\System32\GDI32.dll
0x00007ff977e40000 - 0x00007ff977f58000 	C:\WINDOWS\System32\gdi32full.dll
0x00007ff978690000 - 0x00007ff97872a000 	C:\WINDOWS\System32\msvcp_win.dll
0x00007ff96dae0000 - 0x00007ff96daea000 	C:\WINDOWS\SYSTEM32\VERSION.dll
0x00007ff978840000 - 0x00007ff978871000 	C:\WINDOWS\System32\IMM32.DLL
0x00007ff9360c0000 - 0x00007ff9360ed000 	C:\Program Files\MacType\MacType64.dll
0x00007ff930e00000 - 0x00007ff930e5a000 	C:\Program Files\MacType\Easyhk64.dll
0x00007ff930cf0000 - 0x00007ff930dfb000 	C:\Program Files\MacType\MacType64.Core.dll
0x00007ff972770000 - 0x00007ff97277c000 	C:\Program Files\Java\jdk-17.0.4.1\bin\vcruntime140_1.dll
0x00007ff959fa0000 - 0x00007ff95a02d000 	C:\Program Files\Java\jdk-17.0.4.1\bin\msvcp140.dll
0x00007ff9252c0000 - 0x00007ff925e82000 	C:\Program Files\Java\jdk-17.0.4.1\bin\server\jvm.dll
0x00007ff978e50000 - 0x00007ff978e58000 	C:\WINDOWS\System32\PSAPI.DLL
0x00007ff947bf0000 - 0x00007ff947bf9000 	C:\WINDOWS\SYSTEM32\WSOCK32.dll
0x00007ff970ea0000 - 0x00007ff970ed4000 	C:\WINDOWS\SYSTEM32\WINMM.dll
0x00007ff978da0000 - 0x00007ff978e11000 	C:\WINDOWS\System32\WS2_32.dll
0x00007ff976e90000 - 0x00007ff976ea8000 	C:\WINDOWS\SYSTEM32\kernel.appcore.dll
0x00007ff972760000 - 0x00007ff97276a000 	C:\Program Files\Java\jdk-17.0.4.1\bin\jimage.dll
0x00007ff975730000 - 0x00007ff97595e000 	C:\WINDOWS\SYSTEM32\DBGHELP.DLL
0x00007ff979630000 - 0x00007ff9799b9000 	C:\WINDOWS\System32\combase.dll
0x00007ff978cc0000 - 0x00007ff978d97000 	C:\WINDOWS\System32\OLEAUT32.dll
0x00007ff96e560000 - 0x00007ff96e592000 	C:\WINDOWS\SYSTEM32\dbgcore.DLL
0x00007ff9784f0000 - 0x00007ff97856b000 	C:\WINDOWS\System32\bcryptPrimitives.dll
0x00007ff972740000 - 0x00007ff97274e000 	C:\Program Files\Java\jdk-17.0.4.1\bin\instrument.dll
0x00007ff9726f0000 - 0x00007ff972715000 	C:\Program Files\Java\jdk-17.0.4.1\bin\java.dll
0x00007ff94ef20000 - 0x00007ff94eff6000 	C:\Program Files\Java\jdk-17.0.4.1\bin\jsvml.dll
0x00007ff979c80000 - 0x00007ff97a47a000 	C:\WINDOWS\System32\SHELL32.dll
0x00007ff975d60000 - 0x00007ff97662e000 	C:\WINDOWS\SYSTEM32\windows.storage.dll
0x00007ff975c20000 - 0x00007ff975d5e000 	C:\WINDOWS\SYSTEM32\wintypes.dll
0x00007ff978f70000 - 0x00007ff979061000 	C:\WINDOWS\System32\SHCORE.dll
0x000001a18f0f0000 - 0x000001a18f14e000 	C:\WINDOWS\System32\shlwapi.dll
0x00007ff977c80000 - 0x00007ff977ca1000 	C:\WINDOWS\SYSTEM32\profapi.dll
0x00007ff971b80000 - 0x00007ff971b98000 	C:\Program Files\Java\jdk-17.0.4.1\bin\zip.dll
0x00007ff9726d0000 - 0x00007ff9726e9000 	C:\Program Files\Java\jdk-17.0.4.1\bin\net.dll
0x00007ff971dd0000 - 0x00007ff971f07000 	C:\WINDOWS\SYSTEM32\WINHTTP.dll
0x00007ff977300000 - 0x00007ff977369000 	C:\WINDOWS\system32\mswsock.dll
0x00007ff971860000 - 0x00007ff971876000 	C:\Program Files\Java\jdk-17.0.4.1\bin\nio.dll
0x00007ff96da20000 - 0x00007ff96da3a000 	F:\Program Files\IntelliJ IDEA Community Edition 2022.3.2\bin\breakgen64.dll
0x00007ff9207f0000 - 0x00007ff92097f000 	C:\Program Files\Java\jdk-17.0.4.1\bin\awt.dll
0x00007ff971150000 - 0x00007ff9711e7000 	C:\WINDOWS\SYSTEM32\apphelp.dll
0x00007ff972250000 - 0x00007ff9722fb000 	C:\WINDOWS\system32\uxtheme.dll
0x00007ff979ac0000 - 0x00007ff979bde000 	C:\WINDOWS\System32\MSCTF.dll
0x00007ff97a5f0000 - 0x00007ff97a78c000 	C:\WINDOWS\System32\ole32.dll
0x00007ff94b5c0000 - 0x00007ff94b5d1000 	C:\Program Files\Java\jdk-17.0.4.1\bin\jsound.dll
0x00007ff92d5f0000 - 0x00007ff92d692000 	C:\WINDOWS\SYSTEM32\DSOUND.dll
0x00007ff8f1900000 - 0x00007ff8f19b1000 	C:\WINDOWS\SYSTEM32\ResampleDmo.DLL
0x00007ff976c60000 - 0x00007ff976cad000 	C:\WINDOWS\SYSTEM32\powrprof.dll
0x00007ff967be0000 - 0x00007ff967c09000 	C:\WINDOWS\SYSTEM32\winmmbase.dll
0x00007ff971b70000 - 0x00007ff971b7b000 	C:\WINDOWS\SYSTEM32\msdmo.dll
0x00007ff976c40000 - 0x00007ff976c53000 	C:\WINDOWS\SYSTEM32\UMPDC.dll
0x00007ff97a790000 - 0x00007ff97a840000 	C:\WINDOWS\System32\clbcatq.dll
0x00007ff96d160000 - 0x00007ff96d1fd000 	C:\WINDOWS\System32\MMDevApi.dll
0x00007ff977a60000 - 0x00007ff977a8c000 	C:\WINDOWS\System32\DEVOBJ.dll
0x00007ff977a10000 - 0x00007ff977a5e000 	C:\WINDOWS\SYSTEM32\cfgmgr32.dll
0x00007ff9724e0000 - 0x00007ff97250b000 	C:\WINDOWS\system32\DWMAPI.DLL
0x00007ff934ec0000 - 0x00007ff934fc0000 	C:\WINDOWS\system32\opengl32.dll
0x00007ff935fa0000 - 0x00007ff935fcd000 	C:\WINDOWS\SYSTEM32\GLU32.dll
0x00007ff974f90000 - 0x00007ff974fc6000 	C:\WINDOWS\SYSTEM32\dxcore.dll
0x00007ff9633f0000 - 0x00007ff963436000 	C:\WINDOWS\SYSTEM32\wdmaud.drv
0x00007ff963b80000 - 0x00007ff963b89000 	C:\WINDOWS\SYSTEM32\ksuser.dll
0x00007ff9711f0000 - 0x00007ff9711fb000 	C:\WINDOWS\SYSTEM32\AVRT.dll
0x00007ff95cd80000 - 0x00007ff95cf65000 	C:\WINDOWS\SYSTEM32\AUDIOSES.DLL
0x00007ff96db00000 - 0x00007ff96db0e000 	C:\WINDOWS\SYSTEM32\msacm32.drv
0x00007ff96a3c0000 - 0x00007ff96a3de000 	C:\WINDOWS\SYSTEM32\MSACM32.dll
0x00007ff96d620000 - 0x00007ff96d62b000 	C:\WINDOWS\SYSTEM32\midimap.dll
0x00007ff975440000 - 0x00007ff975455000 	C:\WINDOWS\SYSTEM32\resourcepolicyclient.dll
0x00007ff92ee90000 - 0x00007ff92ef19000 	C:\Program Files\Java\jdk-17.0.4.1\bin\freetype.dll
0x00007ff926d80000 - 0x00007ff926e28000 	C:\Program Files\Java\jdk-17.0.4.1\bin\fontmanager.dll
0x00007ff958350000 - 0x00007ff95847d000 	C:\WINDOWS\SYSTEM32\textinputframework.dll
0x00007ff94a3c0000 - 0x00007ff94a429000 	C:\WINDOWS\system32\Oleacc.dll
0x00007ff970c00000 - 0x00007ff970d33000 	C:\WINDOWS\SYSTEM32\CoreMessaging.dll
0x00007ff957bd0000 - 0x00007ff957f3c000 	C:\WINDOWS\SYSTEM32\CoreUIComponents.dll
0x00007ff977580000 - 0x00007ff97758c000 	C:\WINDOWS\SYSTEM32\CRYPTBASE.DLL
0x00007ff959d10000 - 0x00007ff959e84000 	C:\Windows\System32\Windows.UI.dll
0x00007ff93cf10000 - 0x00007ff93cf3d000 	C:\Program Files\Java\jdk-17.0.4.1\bin\javajpeg.dll

dbghelp: loaded successfully - version: 4.0.5 - missing functions: none
symbol engine: initialized successfully - sym options: 0x614 - pdb path: .;C:\Program Files\Java\jdk-17.0.4.1\bin;C:\WINDOWS\SYSTEM32;C:\WINDOWS\WinSxS\amd64_microsoft.windows.common-controls_6595b64144ccf1df_6.0.22621.1635_none_270f70857386168e;C:\Program Files\MacType;C:\Program Files\Java\jdk-17.0.4.1\bin\server;F:\Program Files\IntelliJ IDEA Community Edition 2022.3.2\bin

VM Arguments:
jvm_args: -javaagent:F:\Program Files\IntelliJ IDEA Community Edition 2022.3.2\lib\idea_rt.jar=11043:F:\Program Files\IntelliJ IDEA Community Edition 2022.3.2\bin -Dfile.encoding=UTF-8 
java_command: Main
java_class_path (initial): F:\Projects\Project\out\production\Project
Launcher Type: SUN_STANDARD

[Global flags]
     intx CICompilerCount                          = 4                                         {product} {ergonomic}
     uint ConcGCThreads                            = 2                                         {product} {ergonomic}
     uint G1ConcRefinementThreads                  = 8                                         {product} {ergonomic}
   size_t G1HeapRegionSize                         = 2097152                                   {product} {ergonomic}
    uintx GCDrainStackTargetSize                   = 64                                        {product} {ergonomic}
   size_t InitialHeapSize                          = 264241152                                 {product} {ergonomic}
   size_t MarkStackSize                            = 4194304                                   {product} {ergonomic}
   size_t MaxHeapSize                              = 4213178368                                {product} {ergonomic}
   size_t MaxNewSize                               = 2527068160                                {product} {ergonomic}
   size_t MinHeapDeltaBytes                        = 2097152                                   {product} {ergonomic}
   size_t MinHeapSize                              = 8388608                                   {product} {ergonomic}
    uintx NonNMethodCodeHeapSize                   = 5839372                                {pd product} {ergonomic}
    uintx NonProfiledCodeHeapSize                  = 122909434                              {pd product} {ergonomic}
    uintx ProfiledCodeHeapSize                     = 122909434                              {pd product} {ergonomic}
    uintx ReservedCodeCacheSize                    = 251658240                              {pd product} {ergonomic}
     bool SegmentedCodeCache                       = true                                      {product} {ergonomic}
   size_t SoftMaxHeapSize                          = 4213178368                             {manageable} {ergonomic}
     bool UseCompressedClassPointers               = true                           {product lp64_product} {ergonomic}
     bool UseCompressedOops                        = true                           {product lp64_product} {ergonomic}
     bool UseG1GC                                  = true                                      {product} {ergonomic}
     bool UseLargePagesIndividualAllocation        = false                                  {pd product} {ergonomic}

Logging:
Log output configuration:
 #0: stdout all=warning uptime,level,tags
 #1: stderr all=off uptime,level,tags

Environment Variables:
PATH=C:\Program Files\Common Files\Oracle\Java\javapath;C:\Program Files (x86)\Common Files\Intel\Shared Libraries\redist\intel64\compiler;C:\WINDOWS\system32;C:\WINDOWS;C:\WINDOWS\System32\Wbem;C:\WINDOWS\System32\WindowsPowerShell\v1.0\;C:\WINDOWS\System32\OpenSSH\;C:\Program Files\Git\cmd;C:\Users\\AppData\Local\Microsoft\WindowsApps;C:\Users\\AppData\Local\Programs\Microsoft VS Code\bin;F:\Program Files\IntelliJ IDEA Community Edition 2022.3.2\bin;;C:\ProgramData\\GitHubDesktop\bin
USERNAME=
OS=Windows_NT
PROCESSOR_IDENTIFIER=Intel64 Family 6 Model 140 Stepping 2, GenuineIntel



---------------  S Y S T E M  ---------------

OS:
 Windows 11 , 64 bit Build 22621 (10.0.22621.1635)
OS uptime: 7 days 18:28 hours

CPU: total 8 (initial active 8) (4 cores per cpu, 2 threads per core) family 6 model 140 stepping 2 microcode 0x26, cx8, cmov, fxsr, ht, mmx, 3dnowpref, sse, sse2, sse3, ssse3, sse4.1, sse4.2, popcnt, lzcnt, tsc, tscinvbit, avx, avx2, aes, erms, clmul, bmi1, bmi2, adx, avx512f, avx512dq, avx512cd, avx512bw, avx512vl, sha, fma, vzeroupper, avx512_vpopcntdq, avx512_vpclmulqdq, avx512_vaes, avx512_vnni, clflush, clflushopt, clwb, avx512_vbmi2, avx512_vbmi

Memory: 4k page, system-wide physical 16071M (2176M free)
TotalPageFile size 33500M (AvailPageFile size 4017M)
current process WorkingSet (physical memory assigned to process): 360M, peak: 380M
current process commit charge ("private bytes"): 661M, peak: 702M

vm_info: Java HotSpot(TM) 64-Bit Server VM (17.0.4.1+1-LTS-2) for windows-amd64 JRE (17.0.4.1+1-LTS-2), built on Aug 16 2022 18:32:06 by "mach5one" with MS VC++ 16.8 / 16.9 (VS2019)

END.
